<?xml version="1.0" encoding="UTF-8"?>
<!-- Generated by org.testng.reporters.JUnitXMLReporter -->
<testsuite ignored="2" hostname="ip-192-168-10-87.ap-southeast-1.compute.internal" failures="0" tests="4" name="AddNewCustomer" time="0.017" errors="0" timestamp="2026-05-12T13:43:54 GMT+07:00">
  <testcase classname="com.linhtest.firstpackage.FirstClass" name="firstTest" time="0.002"/>
  <testcase classname="com.linhtest.firstpackage.FirstClass" name="fourthTest" time="0.001"/>
  <testcase classname="com.linhtest.firstpackage.FirstClass" name="thirdTest" time="0.0"/>
  <testcase classname="com.linhtest.firstpackage.SecondClass" name="firstTest" time="0.001"/>
  <testcase classname="com.linhtest.firstpackage.FirstClass" name="secondTest" time="0.0">
    <ignored/>
  </testcase> <!-- secondTest -->
  <testcase classname="com.linhtest.firstpackage.SecondClass" name="secondTest" time="0.0">
    <ignored/>
  </testcase> <!-- secondTest -->
</testsuite> <!-- AddNewCustomer -->
