<?xml version="1.0" encoding="UTF-8"?>
<!-- Generated by org.testng.reporters.JUnitReportReporter -->
<testsuite hostname="ip-192-168-10-87.ap-southeast-1.compute.internal" failures="0" tests="3" name="com.linhtest.firstpackage.FirstClass" time="0.003" errors="0" timestamp="2026-05-12T13:43:54 GMT+07:00" skipped="0">
  <testcase classname="com.linhtest.firstpackage.FirstClass" name="fourthTest" time="0.001"/>
  <testcase classname="com.linhtest.firstpackage.FirstClass" name="firstTest" time="0.002"/>
  <testcase classname="com.linhtest.firstpackage.FirstClass" name="thirdTest" time="0.000"/>
</testsuite> <!-- com.linhtest.firstpackage.FirstClass -->
